# UMI-tools version: 1.1.1
# output generated by extract -I read1.cutadapt.fastq.gz -S read1.umi.fastq --read2-in=read2.cutadapt.fastq.gz --read2-out=read2.umi.fastq -p NNNNNNNNNNNNNNN --log=umi_extract.log
# job started at Wed Jun 18 17:35:48 2025 on orion -- 56f05860-699f-4fbc-8ad1-fead1b788ecc
# pid: 1168160, system: Linux 5.15.0-69-generic #76~20.04.1-Ubuntu SMP Mon Mar 20 15:54:19 UTC 2023 x86_64
# blacklist                               : None
# compresslevel                           : 6
# correct_umi_threshold                   : 0
# either_read                             : False
# either_read_resolve                     : discard
# error_correct_cell                      : False
# extract_method                          : string
# filter_cell_barcode                     : None
# filter_cell_barcodes                    : False
# filter_umi                              : None
# filtered_out                            : None
# filtered_out2                           : None
# ignore_suffix                           : False
# log2stderr                              : False
# loglevel                                : 1
# pattern                                 : NNNNNNNNNNNNNNN
# pattern2                                : None
# prime3                                  : None
# quality_encoding                        : None
# quality_filter_mask                     : None
# quality_filter_threshold                : None
# random_seed                             : None
# read2_in                                : read2.cutadapt.fastq.gz
# read2_out                               : read2.umi.fastq
# read2_stdout                            : False
# reads_subset                            : None
# reconcile                               : False
# retain_umi                              : None
# short_help                              : None
# stderr                                  : <_io.TextIOWrapper name='<stderr>' mode='w' encoding='utf-8'>
# stdin                                   : <_io.TextIOWrapper name='read1.cutadapt.fastq.gz' encoding='ascii'>
# stdlog                                  : <_io.TextIOWrapper name='umi_extract.log' mode='a' encoding='UTF-8'>
# stdout                                  : <_io.TextIOWrapper name='read1.umi.fastq' mode='w' encoding='UTF-8'>
# timeit_file                             : None
# timeit_header                           : None
# timeit_name                             : all
# tmpdir                                  : None
# umi_correct_log                         : None
# umi_whitelist                           : None
# umi_whitelist_paired                    : None
# whitelist                               : None
2025-06-18 17:35:48,636 INFO Starting barcode extraction
2025-06-18 17:35:50,946 INFO Input Reads: 64496
2025-06-18 17:35:50,946 INFO Reads output: 64496
# job finished in 2 seconds at Wed Jun 18 17:35:50 2025 --  6.02  4.55  0.00  0.00 -- 56f05860-699f-4fbc-8ad1-fead1b788ecc
# UMI-tools version: 1.1.1
# output generated by extract -I read1.cutadapt.fastq.gz -S read1.umi.fastq --read2-in=read2.cutadapt.fastq.gz --read2-out=read2.umi.fastq -p NNNNNNNNNNNNNNN --log=umi_extract.log
# job started at Wed Jun 18 17:38:38 2025 on orion -- 28c4fc1f-ad20-4f09-87d6-ed4f703d674a
# pid: 1168369, system: Linux 5.15.0-69-generic #76~20.04.1-Ubuntu SMP Mon Mar 20 15:54:19 UTC 2023 x86_64
# blacklist                               : None
# compresslevel                           : 6
# correct_umi_threshold                   : 0
# either_read                             : False
# either_read_resolve                     : discard
# error_correct_cell                      : False
# extract_method                          : string
# filter_cell_barcode                     : None
# filter_cell_barcodes                    : False
# filter_umi                              : None
# filtered_out                            : None
# filtered_out2                           : None
# ignore_suffix                           : False
# log2stderr                              : False
# loglevel                                : 1
# pattern                                 : NNNNNNNNNNNNNNN
# pattern2                                : None
# prime3                                  : None
# quality_encoding                        : None
# quality_filter_mask                     : None
# quality_filter_threshold                : None
# random_seed                             : None
# read2_in                                : read2.cutadapt.fastq.gz
# read2_out                               : read2.umi.fastq
# read2_stdout                            : False
# reads_subset                            : None
# reconcile                               : False
# retain_umi                              : None
# short_help                              : None
# stderr                                  : <_io.TextIOWrapper name='<stderr>' mode='w' encoding='utf-8'>
# stdin                                   : <_io.TextIOWrapper name='read1.cutadapt.fastq.gz' encoding='ascii'>
# stdlog                                  : <_io.TextIOWrapper name='umi_extract.log' mode='a' encoding='UTF-8'>
# stdout                                  : <_io.TextIOWrapper name='read1.umi.fastq' mode='w' encoding='UTF-8'>
# timeit_file                             : None
# timeit_header                           : None
# timeit_name                             : all
# tmpdir                                  : None
# umi_correct_log                         : None
# umi_whitelist                           : None
# umi_whitelist_paired                    : None
# whitelist                               : None
2025-06-18 17:38:38,656 INFO Starting barcode extraction
2025-06-18 17:38:41,077 INFO Input Reads: 64496
2025-06-18 17:38:41,078 INFO Reads output: 64496
# job finished in 2 seconds at Wed Jun 18 17:38:41 2025 --  6.26  4.40  0.00  0.00 -- 28c4fc1f-ad20-4f09-87d6-ed4f703d674a
# UMI-tools version: 1.1.1
# output generated by extract -I read1.cutadapt.fastq.gz -S read1.umi.fastq --read2-in=read2.cutadapt.fastq.gz --read2-out=read2.umi.fastq -p NNNNNNNNNNNNNNN --log=umi_extract.log
# job started at Wed Jun 18 17:49:26 2025 on orion -- 707f1dd0-5233-4387-b681-317b2a34cc90
# pid: 1168770, system: Linux 5.15.0-69-generic #76~20.04.1-Ubuntu SMP Mon Mar 20 15:54:19 UTC 2023 x86_64
# blacklist                               : None
# compresslevel                           : 6
# correct_umi_threshold                   : 0
# either_read                             : False
# either_read_resolve                     : discard
# error_correct_cell                      : False
# extract_method                          : string
# filter_cell_barcode                     : None
# filter_cell_barcodes                    : False
# filter_umi                              : None
# filtered_out                            : None
# filtered_out2                           : None
# ignore_suffix                           : False
# log2stderr                              : False
# loglevel                                : 1
# pattern                                 : NNNNNNNNNNNNNNN
# pattern2                                : None
# prime3                                  : None
# quality_encoding                        : None
# quality_filter_mask                     : None
# quality_filter_threshold                : None
# random_seed                             : None
# read2_in                                : read2.cutadapt.fastq.gz
# read2_out                               : read2.umi.fastq
# read2_stdout                            : False
# reads_subset                            : None
# reconcile                               : False
# retain_umi                              : None
# short_help                              : None
# stderr                                  : <_io.TextIOWrapper name='<stderr>' mode='w' encoding='utf-8'>
# stdin                                   : <_io.TextIOWrapper name='read1.cutadapt.fastq.gz' encoding='ascii'>
# stdlog                                  : <_io.TextIOWrapper name='umi_extract.log' mode='a' encoding='UTF-8'>
# stdout                                  : <_io.TextIOWrapper name='read1.umi.fastq' mode='w' encoding='UTF-8'>
# timeit_file                             : None
# timeit_header                           : None
# timeit_name                             : all
# tmpdir                                  : None
# umi_correct_log                         : None
# umi_whitelist                           : None
# umi_whitelist_paired                    : None
# whitelist                               : None
2025-06-18 17:49:26,690 INFO Starting barcode extraction
2025-06-18 17:49:28,661 INFO Input Reads: 64496
2025-06-18 17:49:28,661 INFO Reads output: 64496
# job finished in 1 seconds at Wed Jun 18 17:49:28 2025 --  5.77  4.58  0.00  0.00 -- 707f1dd0-5233-4387-b681-317b2a34cc90
# UMI-tools version: 1.1.1
# output generated by extract -I read1.cutadapt.fastq.gz -S read1.umi.fastq --read2-in=read2.cutadapt.fastq.gz --read2-out=read2.umi.fastq -p NNNNNNNNNNNNNNN --log=umi_extract.log
# job started at Fri Jun 27 13:16:47 2025 on orion -- 6983cc35-6b22-486b-9f41-981e59535844
# pid: 1600134, system: Linux 5.15.0-69-generic #76~20.04.1-Ubuntu SMP Mon Mar 20 15:54:19 UTC 2023 x86_64
# blacklist                               : None
# compresslevel                           : 6
# correct_umi_threshold                   : 0
# either_read                             : False
# either_read_resolve                     : discard
# error_correct_cell                      : False
# extract_method                          : string
# filter_cell_barcode                     : None
# filter_cell_barcodes                    : False
# filter_umi                              : None
# filtered_out                            : None
# filtered_out2                           : None
# ignore_suffix                           : False
# log2stderr                              : False
# loglevel                                : 1
# pattern                                 : NNNNNNNNNNNNNNN
# pattern2                                : None
# prime3                                  : None
# quality_encoding                        : None
# quality_filter_mask                     : None
# quality_filter_threshold                : None
# random_seed                             : None
# read2_in                                : read2.cutadapt.fastq.gz
# read2_out                               : read2.umi.fastq
# read2_stdout                            : False
# reads_subset                            : None
# reconcile                               : False
# retain_umi                              : None
# short_help                              : None
# stderr                                  : <_io.TextIOWrapper name='<stderr>' mode='w' encoding='utf-8'>
# stdin                                   : <_io.TextIOWrapper name='read1.cutadapt.fastq.gz' encoding='ascii'>
# stdlog                                  : <_io.TextIOWrapper name='umi_extract.log' mode='a' encoding='UTF-8'>
# stdout                                  : <_io.TextIOWrapper name='read1.umi.fastq' mode='w' encoding='UTF-8'>
# timeit_file                             : None
# timeit_header                           : None
# timeit_name                             : all
# tmpdir                                  : None
# umi_correct_log                         : None
# umi_whitelist                           : None
# umi_whitelist_paired                    : None
# whitelist                               : None
2025-06-27 13:16:47,481 INFO Starting barcode extraction
2025-06-27 13:16:49,775 INFO Input Reads: 64496
2025-06-27 13:16:49,776 INFO Reads output: 64496
# job finished in 2 seconds at Fri Jun 27 13:16:49 2025 --  7.19  4.90  0.00  0.00 -- 6983cc35-6b22-486b-9f41-981e59535844
# UMI-tools version: 1.1.1
# output generated by extract -I read1.cutadapt.fastq.gz -S read1.umi.fastq --read2-in=read2.cutadapt.fastq.gz --read2-out=read2.umi.fastq -p NNNNNNNNNNNNNNN --log=umi_extract.log
# job started at Fri Jun 27 13:23:20 2025 on orion -- 53980497-a43a-4382-b47e-c2980c07e2cc
# pid: 1600573, system: Linux 5.15.0-69-generic #76~20.04.1-Ubuntu SMP Mon Mar 20 15:54:19 UTC 2023 x86_64
# blacklist                               : None
# compresslevel                           : 6
# correct_umi_threshold                   : 0
# either_read                             : False
# either_read_resolve                     : discard
# error_correct_cell                      : False
# extract_method                          : string
# filter_cell_barcode                     : None
# filter_cell_barcodes                    : False
# filter_umi                              : None
# filtered_out                            : None
# filtered_out2                           : None
# ignore_suffix                           : False
# log2stderr                              : False
# loglevel                                : 1
# pattern                                 : NNNNNNNNNNNNNNN
# pattern2                                : None
# prime3                                  : None
# quality_encoding                        : None
# quality_filter_mask                     : None
# quality_filter_threshold                : None
# random_seed                             : None
# read2_in                                : read2.cutadapt.fastq.gz
# read2_out                               : read2.umi.fastq
# read2_stdout                            : False
# reads_subset                            : None
# reconcile                               : False
# retain_umi                              : None
# short_help                              : None
# stderr                                  : <_io.TextIOWrapper name='<stderr>' mode='w' encoding='utf-8'>
# stdin                                   : <_io.TextIOWrapper name='read1.cutadapt.fastq.gz' encoding='ascii'>
# stdlog                                  : <_io.TextIOWrapper name='umi_extract.log' mode='a' encoding='UTF-8'>
# stdout                                  : <_io.TextIOWrapper name='read1.umi.fastq' mode='w' encoding='UTF-8'>
# timeit_file                             : None
# timeit_header                           : None
# timeit_name                             : all
# tmpdir                                  : None
# umi_correct_log                         : None
# umi_whitelist                           : None
# umi_whitelist_paired                    : None
# whitelist                               : None
2025-06-27 13:23:20,524 INFO Starting barcode extraction
2025-06-27 13:23:22,344 INFO Input Reads: 64496
2025-06-27 13:23:22,344 INFO Reads output: 64496
# job finished in 1 seconds at Fri Jun 27 13:23:22 2025 --  5.68  4.87  0.00  0.00 -- 53980497-a43a-4382-b47e-c2980c07e2cc
# UMI-tools version: 1.1.1
# output generated by extract -I read1.cutadapt.fastq.gz -S read1.umi.fastq --read2-in=read2.cutadapt.fastq.gz --read2-out=read2.umi.fastq -p NNNNNNNNNNNNNNN --log=umi_extract.log
# job started at Fri Jun 27 13:33:10 2025 on orion -- 8a2f5f47-c551-4b02-acdf-2a33c97ca888
# pid: 1600920, system: Linux 5.15.0-69-generic #76~20.04.1-Ubuntu SMP Mon Mar 20 15:54:19 UTC 2023 x86_64
# blacklist                               : None
# compresslevel                           : 6
# correct_umi_threshold                   : 0
# either_read                             : False
# either_read_resolve                     : discard
# error_correct_cell                      : False
# extract_method                          : string
# filter_cell_barcode                     : None
# filter_cell_barcodes                    : False
# filter_umi                              : None
# filtered_out                            : None
# filtered_out2                           : None
# ignore_suffix                           : False
# log2stderr                              : False
# loglevel                                : 1
# pattern                                 : NNNNNNNNNNNNNNN
# pattern2                                : None
# prime3                                  : None
# quality_encoding                        : None
# quality_filter_mask                     : None
# quality_filter_threshold                : None
# random_seed                             : None
# read2_in                                : read2.cutadapt.fastq.gz
# read2_out                               : read2.umi.fastq
# read2_stdout                            : False
# reads_subset                            : None
# reconcile                               : False
# retain_umi                              : None
# short_help                              : None
# stderr                                  : <_io.TextIOWrapper name='<stderr>' mode='w' encoding='utf-8'>
# stdin                                   : <_io.TextIOWrapper name='read1.cutadapt.fastq.gz' encoding='ascii'>
# stdlog                                  : <_io.TextIOWrapper name='umi_extract.log' mode='a' encoding='UTF-8'>
# stdout                                  : <_io.TextIOWrapper name='read1.umi.fastq' mode='w' encoding='UTF-8'>
# timeit_file                             : None
# timeit_header                           : None
# timeit_name                             : all
# tmpdir                                  : None
# umi_correct_log                         : None
# umi_whitelist                           : None
# umi_whitelist_paired                    : None
# whitelist                               : None
2025-06-27 13:33:10,964 INFO Starting barcode extraction
2025-06-27 13:33:12,795 INFO Input Reads: 64496
2025-06-27 13:33:12,795 INFO Reads output: 64496
# job finished in 1 seconds at Fri Jun 27 13:33:12 2025 --  5.92  4.77  0.00  0.00 -- 8a2f5f47-c551-4b02-acdf-2a33c97ca888
